Adding extra search path checkpoints D:\Stable Diffusion\StabilityMatrix-win-x64\Data\Models\StableDiffusion
Adding extra search path diffusers D:\Stable Diffusion\StabilityMatrix-win-x64\Data\Models\Diffusers
Adding extra search path loras D:\Stable Diffusion\StabilityMatrix-win-x64\Data\Models\Lora
Adding extra search path loras D:\Stable Diffusion\StabilityMatrix-win-x64\Data\Models\LyCORIS
Adding extra search path clip D:\Stable Diffusion\StabilityMatrix-win-x64\Data\Models\TextEncoders
Adding extra search path clip_vision D:\Stable Diffusion\StabilityMatrix-win-x64\Data\Models\ClipVision
Adding extra search path embeddings D:\Stable Diffusion\StabilityMatrix-win-x64\Data\Models\Embeddings
Adding extra search path vae D:\Stable Diffusion\StabilityMatrix-win-x64\Data\Models\VAE
Adding extra search path vae_approx D:\Stable Diffusion\StabilityMatrix-win-x64\Data\Models\ApproxVAE
Adding extra search path controlnet D:\Stable Diffusion\StabilityMatrix-win-x64\Data\Models\ControlNet
Adding extra search path controlnet D:\Stable Diffusion\StabilityMatrix-win-x64\Data\Models\T2IAdapter
Adding extra search path gligen D:\Stable Diffusion\StabilityMatrix-win-x64\Data\Models\GLIGEN
Adding extra search path upscale_models D:\Stable Diffusion\StabilityMatrix-win-x64\Data\Models\ESRGAN
Adding extra search path upscale_models D:\Stable Diffusion\StabilityMatrix-win-x64\Data\Models\RealESRGAN
Adding extra search path upscale_models D:\Stable Diffusion\StabilityMatrix-win-x64\Data\Models\SwinIR
Adding extra search path hypernetworks D:\Stable Diffusion\StabilityMatrix-win-x64\Data\Models\Hypernetwork
Adding extra search path ipadapter D:\Stable Diffusion\StabilityMatrix-win-x64\Data\Models\IpAdapter
Adding extra search path ipadapter D:\Stable Diffusion\StabilityMatrix-win-x64\Data\Models\IpAdapters15
Adding extra search path ipadapter D:\Stable Diffusion\StabilityMatrix-win-x64\Data\Models\IpAdaptersXl
Adding extra search path prompt_expansion D:\Stable Diffusion\StabilityMatrix-win-x64\Data\Models\PromptExpansion
Adding extra search path ultralytics D:\Stable Diffusion\StabilityMatrix-win-x64\Data\Models\Ultralytics
Adding extra search path ultralytics_bbox D:\Stable Diffusion\StabilityMatrix-win-x64\Data\Models\Ultralytics\bbox
Adding extra search path ultralytics_segm D:\Stable Diffusion\StabilityMatrix-win-x64\Data\Models\Ultralytics\segm
Adding extra search path sams D:\Stable Diffusion\StabilityMatrix-win-x64\Data\Models\Sams
Adding extra search path diffusion_models D:\Stable Diffusion\StabilityMatrix-win-x64\Data\Models\DiffusionModels
