Adding extra search path checkpoints D:\Stable Diffusion\StabilityMatrix-win-x64\Data\Models\StableDiffusion
Adding extra search path diffusers D:\Stable Diffusion\StabilityMatrix-win-x64\Data\Models\Diffusers
Adding extra search path loras D:\Stable Diffusion\StabilityMatrix-win-x64\Data\Models\Lora
Adding extra search path loras D:\Stable Diffusion\StabilityMatrix-win-x64\Data\Models\LyCORIS
Adding extra search path clip D:\Stable Diffusion\StabilityMatrix-win-x64\Data\Models\TextEncoders
Adding extra search path clip_vision D:\Stable Diffusion\StabilityMatrix-win-x64\Data\Models\ClipVision
Adding extra search path embeddings D:\Stable Diffusion\StabilityMatrix-win-x64\Data\Models\Embeddings
Adding extra search path vae D:\Stable Diffusion\StabilityMatrix-win-x64\Data\Models\VAE
Adding extra search path vae_approx D:\Stable Diffusion\StabilityMatrix-win-x64\Data\Models\ApproxVAE
Adding extra search path controlnet D:\Stable Diffusion\StabilityMatrix-win-x64\Data\Models\ControlNet
Adding extra search path controlnet D:\Stable Diffusion\StabilityMatrix-win-x64\Data\Models\T2IAdapter
Adding extra search path gligen D:\Stable Diffusion\StabilityMatrix-win-x64\Data\Models\GLIGEN
Adding extra search path upscale_models D:\Stable Diffusion\StabilityMatrix-win-x64\Data\Models\ESRGAN
Adding extra search path upscale_models D:\Stable Diffusion\StabilityMatrix-win-x64\Data\Models\RealESRGAN
Adding extra search path upscale_models D:\Stable Diffusion\StabilityMatrix-win-x64\Data\Models\SwinIR
Adding extra search path hypernetworks D:\Stable Diffusion\StabilityMatrix-win-x64\Data\Models\Hypernetwork
Adding extra search path ipadapter D:\Stable Diffusion\StabilityMatrix-win-x64\Data\Models\IpAdapter
Adding extra search path ipadapter D:\Stable Diffusion\StabilityMatrix-win-x64\Data\Models\IpAdapters15
Adding extra search path ipadapter D:\Stable Diffusion\StabilityMatrix-win-x64\Data\Models\IpAdaptersXl
Adding extra search path prompt_expansion D:\Stable Diffusion\StabilityMatrix-win-x64\Data\Models\PromptExpansion
Adding extra search path ultralytics D:\Stable Diffusion\StabilityMatrix-win-x64\Data\Models\Ultralytics
Adding extra search path ultralytics_bbox D:\Stable Diffusion\StabilityMatrix-win-x64\Data\Models\Ultralytics\bbox
Adding extra search path ultralytics_segm D:\Stable Diffusion\StabilityMatrix-win-x64\Data\Models\Ultralytics\segm
Adding extra search path sams D:\Stable Diffusion\StabilityMatrix-win-x64\Data\Models\Sams
Adding extra search path diffusion_models D:\Stable Diffusion\StabilityMatrix-win-x64\Data\Models\DiffusionModels
[START] Security scan
[DONE] Security scan
## ComfyUI-Manager: installing dependencies done.
** ComfyUI startup time: 2026-04-04 18:07:42.353
** Platform: Windows
** Python version: 3.11.10 (main, Oct 16 2024, 00:15:32) [MSC v.1929 64 bit (AMD64)]
** Python executable: d:\Stable Diffusion\StabilityMatrix-win-x64\Data\Packages\ComfyUI\venv\Scripts\python.exe
** ComfyUI Path: d:\Stable Diffusion\StabilityMatrix-win-x64\Data\Packages\ComfyUI
** ComfyUI Base Folder Path: d:\Stable Diffusion\StabilityMatrix-win-x64\Data\Packages\ComfyUI
** User directory: D:\Stable Diffusion\StabilityMatrix-win-x64\Data\Packages\ComfyUI\user
** ComfyUI-Manager config path: D:\Stable Diffusion\StabilityMatrix-win-x64\Data\Packages\ComfyUI\user\__manager\config.ini
** Log path: D:\Stable Diffusion\StabilityMatrix-win-x64\Data\Packages\ComfyUI\user\comfyui.log

Prestartup times for custom nodes:
   0.0 seconds: D:\Stable Diffusion\StabilityMatrix-win-x64\Data\Packages\ComfyUI\custom_nodes\ComfyUI-Easy-Use
   0.0 seconds: D:\Stable Diffusion\StabilityMatrix-win-x64\Data\Packages\ComfyUI\custom_nodes\rgthree-comfy
   6.6 seconds: D:\Stable Diffusion\StabilityMatrix-win-x64\Data\Packages\ComfyUI\custom_nodes\ComfyUI-Manager

d:\Stable Diffusion\StabilityMatrix-win-x64\Data\Packages\ComfyUI\venv\Lib\site-packages\torch\cuda\__init__.py:61: FutureWarning: The pynvml package is deprecated. Please install nvidia-ml-py instead. If you did not install pynvml directly, please report this to the maintainers of the package that installed pynvml for you.
  import pynvml  # type: ignore[import]
Found comfy_kitchen backend cuda: {'available': True, 'disabled': False, 'unavailable_reason': None, 'capabilities': ['apply_rope', 'apply_rope1', 'dequantize_nvfp4', 'dequantize_per_tensor_fp8', 'quantize_mxfp8', 'quantize_nvfp4', 'quantize_per_tensor_fp8', 'scaled_mm_nvfp4']}
Found comfy_kitchen backend eager: {'available': True, 'disabled': False, 'unavailable_reason': None, 'capabilities': ['apply_rope', 'apply_rope1', 'dequantize_mxfp8', 'dequantize_nvfp4', 'dequantize_per_tensor_fp8', 'quantize_mxfp8', 'quantize_nvfp4', 'quantize_per_tensor_fp8', 'scaled_mm_mxfp8', 'scaled_mm_nvfp4']}
Found comfy_kitchen backend triton: {'available': True, 'disabled': True, 'unavailable_reason': None, 'capabilities': ['apply_rope', 'apply_rope1', 'dequantize_nvfp4', 'dequantize_per_tensor_fp8', 'quantize_mxfp8', 'quantize_nvfp4', 'quantize_per_tensor_fp8']}
Checkpoint files will always be loaded safely.
Total VRAM 16303 MB, total RAM 32466 MB
pytorch version: 2.11.0+cu130
WARNING[XFORMERS]: xFormers can't load C++/CUDA extensions. xFormers was built for:
    PyTorch 2.10.0+cu128 with CUDA 1208 (you have 2.11.0+cu130)
    Python  3.10.11 (you have 3.11.10)
  Please reinstall xformers (see https://github.com/facebookresearch/xformers#installing-xformers)
  Memory-efficient attention, SwiGLU, sparse and more won't be available.
  Set XFORMERS_MORE_DETAILS=1 for more details
xformers version: 0.0.35
Set vram state to: NORMAL_VRAM
Device: cuda:0 NVIDIA GeForce RTX 5080 : cudaMallocAsync
Using async weight offloading with 2 streams
Enabled pinned memory 14609.0
Using pytorch attention
DynamicVRAM support detected and enabled
Python version: 3.11.10 (main, Oct 16 2024, 00:15:32) [MSC v.1929 64 bit (AMD64)]
ComfyUI version: 0.18.0
comfy-aimdo version: 0.2.12
comfy-kitchen version: 0.2.8
ComfyUI frontend version: 1.41.21
[Prompt Server] web root: d:\Stable Diffusion\StabilityMatrix-win-x64\Data\Packages\ComfyUI\venv\Lib\site-packages\comfyui_frontend_package\static
Asset seeder disabled
Traceback (most recent call last):
  File "d:\Stable Diffusion\StabilityMatrix-win-x64\Data\Packages\ComfyUI\nodes.py", line 2227, in load_custom_node
    module_spec.loader.exec_module(module)
  File "<frozen importlib._bootstrap_external>", line 940, in exec_module
  File "<frozen importlib._bootstrap>", line 241, in _call_with_frames_removed
  File "D:\Stable Diffusion\StabilityMatrix-win-x64\Data\Packages\ComfyUI\custom_nodes\Applio\__init__.py", line 9, in <module>
    from .nodes import NODE_CLASS_MAPPINGS, NODE_DISPLAY_NAME_MAPPINGS  # noqa: E402
    ^^^^^^^^^^^^^^^^^^^^^^^^^^^^^^^^^^^^^^^^^^^^^^^^^^^^^^^^^^^^^^^^^^
  File "D:\Stable Diffusion\StabilityMatrix-win-x64\Data\Packages\ComfyUI\custom_nodes\Applio\nodes.py", line 47, in <module>
    from rvc.infer.infer import VoiceConverter
ModuleNotFoundError: No module named 'rvc.infer.infer'

Cannot import D:\Stable Diffusion\StabilityMatrix-win-x64\Data\Packages\ComfyUI\custom_nodes\Applio module for custom nodes: No module named 'rvc.infer.infer'
[36;20m[D:\Stable Diffusion\StabilityMatrix-win-x64\Data\Packages\ComfyUI\custom_nodes\comfy-mtb] | INFO -> loaded [96m103[0m nodes successfuly[0m
[36;20m[D:\Stable Diffusion\StabilityMatrix-win-x64\Data\Packages\ComfyUI\custom_nodes\comfy-mtb] | INFO -> Some nodes (5) could not be loaded. This can be ignored, but go to http://127.0.0.1:8188/mtb if you want more information.[0m
Traceback (most recent call last):
  File "d:\Stable Diffusion\StabilityMatrix-win-x64\Data\Packages\ComfyUI\nodes.py", line 2227, in load_custom_node
    module_spec.loader.exec_module(module)
  File "<frozen importlib._bootstrap_external>", line 936, in exec_module
  File "<frozen importlib._bootstrap_external>", line 1073, in get_code
  File "<frozen importlib._bootstrap_external>", line 1130, in get_data
FileNotFoundError: [Errno 2] No such file or directory: 'D:\\Stable Diffusion\\StabilityMatrix-win-x64\\Data\\Packages\\ComfyUI\\custom_nodes\\ComfyUI\\__init__.py'

Cannot import D:\Stable Diffusion\StabilityMatrix-win-x64\Data\Packages\ComfyUI\custom_nodes\ComfyUI module for custom nodes: [Errno 2] No such file or directory: 'D:\\Stable Diffusion\\StabilityMatrix-win-x64\\Data\\Packages\\ComfyUI\\custom_nodes\\ComfyUI\\__init__.py'
Imported AddPaddingAdvanced successfully
Imported AddPaddingBase successfully
Imported AD_ImageResize successfully
Imported AD_MockupMaker successfully
Imported AD_PosterMaker successfully
Imported AD_PromptSaver successfully
Imported ComfyUI-FofrToolkit successfully
Imported ComfyUI-ImageCaptioner successfully
Imported ComfyUI-imageResize successfully
Imported ComfyUI-textAppend successfully
Imported imagecreatemask successfully
Imported multiline_string successfully
Imported AddPaddingAdvanced successfully
Imported AddPaddingBase successfully
Imported AD_ImageResize successfully
Imported AD_MockupMaker successfully
Imported AD_PosterMaker successfully
Imported AD_PromptSaver successfully
Imported ComfyUI-FofrToolkit successfully
Imported ComfyUI-ImageCaptioner successfully
Imported ComfyUI-imageResize successfully
Imported ComfyUI-textAppend successfully
Imported imagecreatemask successfully
Imported multiline_string successfully
d:\Stable Diffusion\StabilityMatrix-win-x64\Data\Packages\ComfyUI\venv\Lib\site-packages\perth\perth_net\__init__.py:1: UserWarning: pkg_resources is deprecated as an API. See https://setuptools.pypa.io/en/latest/pkg_resources.html. The pkg_resources package is slated for removal as early as 2025-11-30. Refrain from using this package or pin to Setuptools<81.
  from pkg_resources import resource_filename
Traceback (most recent call last):
  File "d:\Stable Diffusion\StabilityMatrix-win-x64\Data\Packages\ComfyUI\nodes.py", line 2227, in load_custom_node
    module_spec.loader.exec_module(module)
  File "<frozen importlib._bootstrap_external>", line 940, in exec_module
  File "<frozen importlib._bootstrap>", line 241, in _call_with_frames_removed
  File "D:\Stable Diffusion\StabilityMatrix-win-x64\Data\Packages\ComfyUI\custom_nodes\comfyui-cogvideoxwrapper\__init__.py", line 1, in <module>
    from .nodes import NODE_CLASS_MAPPINGS as NODES_CLASS, NODE_DISPLAY_NAME_MAPPINGS as NODES_DISPLAY
  File "D:\Stable Diffusion\StabilityMatrix-win-x64\Data\Packages\ComfyUI\custom_nodes\comfyui-cogvideoxwrapper\nodes.py", line 8, in <module>
    check_diffusers_version()
  File "D:\Stable Diffusion\StabilityMatrix-win-x64\Data\Packages\ComfyUI\custom_nodes\comfyui-cogvideoxwrapper\utils.py", line 12, in check_diffusers_version
    raise AssertionError(f"diffusers version {version} is installed, but version {required_version} or higher is required.")
AssertionError: diffusers version 0.29.0 is installed, but version 0.31.0 or higher is required.

Cannot import D:\Stable Diffusion\StabilityMatrix-win-x64\Data\Packages\ComfyUI\custom_nodes\comfyui-cogvideoxwrapper module for custom nodes: diffusers version 0.29.0 is installed, but version 0.31.0 or higher is required.
[Crystools [0;32mINFO[0m] Crystools version: 1.27.4
[Crystools [0;32mINFO[0m] Platform release: 10
[Crystools [0;32mINFO[0m] JETSON: Not detected.
[Crystools [0;32mINFO[0m] CPU: Intel(R) Core(TM) Ultra 7 265KF - Arch: AMD64 - OS: Windows 10
[Crystools [0;32mINFO[0m] pynvml (NVIDIA) initialized.
[Crystools [0;32mINFO[0m] GPU/s:
[Crystools [0;32mINFO[0m] 0) NVIDIA GeForce RTX 5080
[Crystools [0;32mINFO[0m] NVIDIA Driver: 595.79
d:\Stable Diffusion\StabilityMatrix-win-x64\Data\Packages\ComfyUI\venv\Lib\site-packages\diffusers\models\transformers\transformer_2d.py:34: FutureWarning: `Transformer2DModelOutput` is deprecated and will be removed in version 1.0.0. Importing `Transformer2DModelOutput` from `diffusers.models.transformer_2d` is deprecated and this will be removed in a future version. Please use `from diffusers.models.modeling_outputs import Transformer2DModelOutput`, instead.
  deprecate("Transformer2DModelOutput", "1.0.0", deprecation_message)
[ComfyUI-Easy-Use] server: v1.3.7 Loaded
[ComfyUI-Easy-Use] web root: D:\Stable Diffusion\StabilityMatrix-win-x64\Data\Packages\ComfyUI\custom_nodes\ComfyUI-Easy-Use\web_version/v2 Loaded
Traceback (most recent call last):
  File "d:\Stable Diffusion\StabilityMatrix-win-x64\Data\Packages\ComfyUI\nodes.py", line 2227, in load_custom_node
    module_spec.loader.exec_module(module)
  File "<frozen importlib._bootstrap_external>", line 940, in exec_module
  File "<frozen importlib._bootstrap>", line 241, in _call_with_frames_removed
  File "D:\Stable Diffusion\StabilityMatrix-win-x64\Data\Packages\ComfyUI\custom_nodes\ComfyUI-FramePackWrapper_Plus\__init__.py", line 1, in <module>
    from .nodes import NODE_CLASS_MAPPINGS as NODES_MAPPINGS, NODE_DISPLAY_NAME_MAPPINGS as NODES_DISPLAY_MAPPINGS
  File "D:\Stable Diffusion\StabilityMatrix-win-x64\Data\Packages\ComfyUI\custom_nodes\ComfyUI-FramePackWrapper_Plus\nodes.py", line 26, in <module>
    from .diffusers_helper.models.hunyuan_video_packed import HunyuanVideoTransformer3DModel
  File "D:\Stable Diffusion\StabilityMatrix-win-x64\Data\Packages\ComfyUI\custom_nodes\ComfyUI-FramePackWrapper_Plus\diffusers_helper\models\hunyuan_video_packed.py", line 17, in <module>
    from ...diffusers_helper.dit_common import LayerNorm
  File "D:\Stable Diffusion\StabilityMatrix-win-x64\Data\Packages\ComfyUI\custom_nodes\ComfyUI-FramePackWrapper_Plus\diffusers_helper\dit_common.py", line 4, in <module>
    from diffusers.models.normalization import RMSNorm, LayerNorm, FP32LayerNorm, AdaLayerNormContinuous
ImportError: cannot import name 'FP32LayerNorm' from 'diffusers.models.normalization' (d:\Stable Diffusion\StabilityMatrix-win-x64\Data\Packages\ComfyUI\venv\Lib\site-packages\diffusers\models\normalization.py)

Cannot import D:\Stable Diffusion\StabilityMatrix-win-x64\Data\Packages\ComfyUI\custom_nodes\ComfyUI-FramePackWrapper_Plus module for custom nodes: cannot import name 'FP32LayerNorm' from 'diffusers.models.normalization' (d:\Stable Diffusion\StabilityMatrix-win-x64\Data\Packages\ComfyUI\venv\Lib\site-packages\diffusers\models\normalization.py)
Traceback (most recent call last):
  File "d:\Stable Diffusion\StabilityMatrix-win-x64\Data\Packages\ComfyUI\nodes.py", line 2227, in load_custom_node
    module_spec.loader.exec_module(module)
  File "<frozen importlib._bootstrap_external>", line 940, in exec_module
  File "<frozen importlib._bootstrap>", line 241, in _call_with_frames_removed
  File "D:\Stable Diffusion\StabilityMatrix-win-x64\Data\Packages\ComfyUI\custom_nodes\ComfyUI-FramePackWrapper_PlusOne\__init__.py", line 1, in <module>
    from .nodes import NODE_CLASS_MAPPINGS as NODES_MAPPINGS, NODE_DISPLAY_NAME_MAPPINGS as NODES_DISPLAY_MAPPINGS
  File "D:\Stable Diffusion\StabilityMatrix-win-x64\Data\Packages\ComfyUI\custom_nodes\ComfyUI-FramePackWrapper_PlusOne\nodes.py", line 26, in <module>
    from .diffusers_helper.models.hunyuan_video_packed import HunyuanVideoTransformer3DModel
  File "D:\Stable Diffusion\StabilityMatrix-win-x64\Data\Packages\ComfyUI\custom_nodes\ComfyUI-FramePackWrapper_PlusOne\diffusers_helper\models\hunyuan_video_packed.py", line 17, in <module>
    from ...diffusers_helper.dit_common import LayerNorm
  File "D:\Stable Diffusion\StabilityMatrix-win-x64\Data\Packages\ComfyUI\custom_nodes\ComfyUI-FramePackWrapper_PlusOne\diffusers_helper\dit_common.py", line 4, in <module>
    from diffusers.models.normalization import RMSNorm, LayerNorm, FP32LayerNorm, AdaLayerNormContinuous
ImportError: cannot import name 'FP32LayerNorm' from 'diffusers.models.normalization' (d:\Stable Diffusion\StabilityMatrix-win-x64\Data\Packages\ComfyUI\venv\Lib\site-packages\diffusers\models\normalization.py)

Cannot import D:\Stable Diffusion\StabilityMatrix-win-x64\Data\Packages\ComfyUI\custom_nodes\ComfyUI-FramePackWrapper_PlusOne module for custom nodes: cannot import name 'FP32LayerNorm' from 'diffusers.models.normalization' (d:\Stable Diffusion\StabilityMatrix-win-x64\Data\Packages\ComfyUI\venv\Lib\site-packages\diffusers\models\normalization.py)
ComfyUI-GGUF: Allowing full torch compile
### Loading: ComfyUI-Impact-Pack (V8.28.2)
[Impact Pack] Wildcard total size (0.00 MB) is within cache limit (50.00 MB). Using full cache mode.
[Impact Pack] Wildcards loading done.
### Loading: ComfyUI-Impact-Subpack (V1.3.5)
[Impact Pack/Subpack] Using folder_paths to determine whitelist path: D:\Stable Diffusion\StabilityMatrix-win-x64\Data\Packages\ComfyUI\user\default\ComfyUI-Impact-Subpack\model-whitelist.txt
[Impact Pack/Subpack] Ensured whitelist directory exists: D:\Stable Diffusion\StabilityMatrix-win-x64\Data\Packages\ComfyUI\user\default\ComfyUI-Impact-Subpack
[Impact Pack/Subpack] Loaded 0 model(s) from whitelist: D:\Stable Diffusion\StabilityMatrix-win-x64\Data\Packages\ComfyUI\user\default\ComfyUI-Impact-Subpack\model-whitelist.txt
Error writing to C:\Users\Hosung\AppData\Roaming\Ultralytics\settings.json: [Errno 13] Permission denied: 'C:\\Users\\Hosung\\AppData\\Roaming\\Ultralytics\\settings.json'
Error writing to C:\Users\Hosung\AppData\Roaming\Ultralytics\persistent_cache.json: [Errno 13] Permission denied: 'C:\\Users\\Hosung\\AppData\\Roaming\\Ultralytics\\persistent_cache.json'
[Impact Subpack] ultralytics_bbox: D:\Stable Diffusion\StabilityMatrix-win-x64\Data\Models\Ultralytics\bbox, D:\Stable Diffusion\StabilityMatrix-win-x64\Data\Packages\ComfyUI\models\ultralytics\bbox
[Impact Subpack] ultralytics_segm: D:\Stable Diffusion\StabilityMatrix-win-x64\Data\Models\Ultralytics\segm, D:\Stable Diffusion\StabilityMatrix-win-x64\Data\Packages\ComfyUI\models\ultralytics\segm
### Loading: ComfyUI-Inspire-Pack (V1.23)
✅ K3NK Image Grab (WanVideoWrapper frame groups): Loaded
   - anchor_frame_index: selects a specific frame from the anchor file
   - batch_start_frame: starting FRAME GROUP index (0=first group, 1=second group, etc.)
   - batch_end_frame: FRAME GROUPS to remove from END (0=none, 1=remove last group, etc.)
   - max_batch_frames: maximum number of frames (0=ignored)
   - WanVideoWrapper uses groups of 4 frames - parameters work with frame groups
   - Example: batch_start_frame=1 skips the first 4 frames
   - Example: batch_end_frame=1 removes the last 4 frames
   - frame_stride: applies to frames inside .latent files when latent_frame_stride=True
### Loading: ComfyUI-Manager (V3.39.2)
[ComfyUI-Manager] network_mode: public
[ComfyUI-Manager] ComfyUI per-queue preview override detected (PR #11261). Manager's preview method feature is disabled. Use ComfyUI's --preview-method CLI option or 'Settings > Execution > Live preview method'.
### ComfyUI Revision: 4954 [dc719cde] *DETACHED | Released on '2026-03-20'
[ComfyUI-Manager] Failed to perform initial fetching 'model-list.json': Cannot connect to host raw.githubusercontent.com:443 ssl:default [액세스가 거부되었습니다]
Traceback (most recent call last):
  File "d:\Stable Diffusion\StabilityMatrix-win-x64\Data\Packages\ComfyUI\venv\Lib\site-packages\aiohttp\connector.py", line 1298, in _wrap_create_connection
    sock = await aiohappyeyeballs.start_connection(
           ^^^^^^^^^^^^^^^^^^^^^^^^^^^^^^^^^^^^^^^^
  File "d:\Stable Diffusion\StabilityMatrix-win-x64\Data\Packages\ComfyUI\venv\Lib\site-packages\aiohappyeyeballs\impl.py", line 122, in start_connection
    raise first_exception
  File "d:\Stable Diffusion\StabilityMatrix-win-x64\Data\Packages\ComfyUI\venv\Lib\site-packages\aiohappyeyeballs\impl.py", line 73, in start_connection
    sock = await _connect_sock(
           ^^^^^^^^^^^^^^^^^^^^
  File "d:\Stable Diffusion\StabilityMatrix-win-x64\Data\Packages\ComfyUI\venv\Lib\site-packages\aiohappyeyeballs\impl.py", line 208, in _connect_sock
    await loop.sock_connect(sock, address)
  File "D:\Stable Diffusion\StabilityMatrix-win-x64\Data\Assets\Python\cpython-3.11.10-windows-x86_64-none\Lib\asyncio\proactor_events.py", line 726, in sock_connect
    return await self._proactor.connect(sock, address)
           ^^^^^^^^^^^^^^^^^^^^^^^^^^^^^^^^^^^^^^^^^^^
  File "D:\Stable Diffusion\StabilityMatrix-win-x64\Data\Assets\Python\cpython-3.11.10-windows-x86_64-none\Lib\asyncio\windows_events.py", line 854, in _poll
    value = callback(transferred, key, ov)
            ^^^^^^^^^^^^^^^^^^^^^^^^^^^^^^
  File "D:\Stable Diffusion\StabilityMatrix-win-x64\Data\Assets\Python\cpython-3.11.10-windows-x86_64-none\Lib\asyncio\windows_events.py", line 641, in finish_connect
    ov.getresult()
PermissionError: [WinError 5] 액세스가 거부되었습니다

The above exception was the direct cause of the following exception:

Traceback (most recent call last):
  File "D:\Stable Diffusion\StabilityMatrix-win-x64\Data\Packages\ComfyUI\custom_nodes\ComfyUI-Manager\glob\manager_server.py", line 1834, in get_cache
    json_obj = await manager_util.get_data(uri, True)
               ^^^^^^^^^^^^^^^^^^^^^^^^^^^^^^^^^^^^^^
  File "D:\Stable Diffusion\StabilityMatrix-win-x64\Data\Packages\ComfyUI\custom_nodes\ComfyUI-Manager\glob\manager_util.py", line 192, in get_data
    async with session.get(uri, headers=headers) as resp:
  File "d:\Stable Diffusion\StabilityMatrix-win-x64\Data\Packages\ComfyUI\venv\Lib\site-packages\aiohttp\client.py", line 1510, in __aenter__
    self._resp: _RetType = await self._coro
                           ^^^^^^^^^^^^^^^^
  File "d:\Stable Diffusion\StabilityMatrix-win-x64\Data\Packages\ComfyUI\venv\Lib\site-packages\aiohttp\client.py", line 779, in _request
    resp = await handler(req)
           ^^^^^^^^^^^^^^^^^^
  File "d:\Stable Diffusion\StabilityMatrix-win-x64\Data\Packages\ComfyUI\venv\Lib\site-packages\aiohttp\client.py", line 734, in _connect_and_send_request
    conn = await self._connector.connect(
           ^^^^^^^^^^^^^^^^^^^^^^^^^^^^^^
  File "d:\Stable Diffusion\StabilityMatrix-win-x64\Data\Packages\ComfyUI\venv\Lib\site-packages\aiohttp\connector.py", line 672, in connect
    proto = await self._create_connection(req, traces, timeout)
            ^^^^^^^^^^^^^^^^^^^^^^^^^^^^^^^^^^^^^^^^^^^^^^^^^^^
  File "d:\Stable Diffusion\StabilityMatrix-win-x64\Data\Packages\ComfyUI\venv\Lib\site-packages\aiohttp\connector.py", line 1239, in _create_connection
    _, proto = await self._create_direct_connection(req, traces, timeout)
               ^^^^^^^^^^^^^^^^^^^^^^^^^^^^^^^^^^^^^^^^^^^^^^^^^^^^^^^^^^
  File "d:\Stable Diffusion\StabilityMatrix-win-x64\Data\Packages\ComfyUI\venv\Lib\site-packages\aiohttp\connector.py", line 1611, in _create_direct_connection
    raise last_exc
  File "d:\Stable Diffusion\StabilityMatrix-win-x64\Data\Packages\ComfyUI\venv\Lib\site-packages\aiohttp\connector.py", line 1580, in _create_direct_connection
    transp, proto = await self._wrap_create_connection(
                    ^^^^^^^^^^^^^^^^^^^^^^^^^^^^^^^^^^^
  File "d:\Stable Diffusion\StabilityMatrix-win-x64\Data\Packages\ComfyUI\venv\Lib\site-packages\aiohttp\connector.py", line 1321, in _wrap_create_connection
    raise client_error(req.connection_key, exc) from exc
aiohttp.client_exceptions.ClientConnectorError: Cannot connect to host raw.githubusercontent.com:443 ssl:default [액세스가 거부되었습니다]
[ComfyUI-Manager] Failed to perform initial fetching 'alter-list.json': Cannot connect to host raw.githubusercontent.com:443 ssl:default [액세스가 거부되었습니다]
Traceback (most recent call last):
  File "d:\Stable Diffusion\StabilityMatrix-win-x64\Data\Packages\ComfyUI\venv\Lib\site-packages\aiohttp\connector.py", line 1298, in _wrap_create_connection
    sock = await aiohappyeyeballs.start_connection(
           ^^^^^^^^^^^^^^^^^^^^^^^^^^^^^^^^^^^^^^^^
  File "d:\Stable Diffusion\StabilityMatrix-win-x64\Data\Packages\ComfyUI\venv\Lib\site-packages\aiohappyeyeballs\impl.py", line 122, in start_connection
    raise first_exception
  File "d:\Stable Diffusion\StabilityMatrix-win-x64\Data\Packages\ComfyUI\venv\Lib\site-packages\aiohappyeyeballs\impl.py", line 73, in start_connection
    sock = await _connect_sock(
           ^^^^^^^^^^^^^^^^^^^^
  File "d:\Stable Diffusion\StabilityMatrix-win-x64\Data\Packages\ComfyUI\venv\Lib\site-packages\aiohappyeyeballs\impl.py", line 208, in _connect_sock
    await loop.sock_connect(sock, address)
  File "D:\Stable Diffusion\StabilityMatrix-win-x64\Data\Assets\Python\cpython-3.11.10-windows-x86_64-none\Lib\asyncio\proactor_events.py", line 726, in sock_connect
    return await self._proactor.connect(sock, address)
           ^^^^^^^^^^^^^^^^^^^^^^^^^^^^^^^^^^^^^^^^^^^
  File "D:\Stable Diffusion\StabilityMatrix-win-x64\Data\Assets\Python\cpython-3.11.10-windows-x86_64-none\Lib\asyncio\windows_events.py", line 854, in _poll
    value = callback(transferred, key, ov)
            ^^^^^^^^^^^^^^^^^^^^^^^^^^^^^^
  File "D:\Stable Diffusion\StabilityMatrix-win-x64\Data\Assets\Python\cpython-3.11.10-windows-x86_64-none\Lib\asyncio\windows_events.py", line 641, in finish_connect
    ov.getresult()
PermissionError: [WinError 5] 액세스가 거부되었습니다

The above exception was the direct cause of the following exception:

Traceback (most recent call last):
  File "D:\Stable Diffusion\StabilityMatrix-win-x64\Data\Packages\ComfyUI\custom_nodes\ComfyUI-Manager\glob\manager_server.py", line 1834, in get_cache
    json_obj = await manager_util.get_data(uri, True)
               ^^^^^^^^^^^^^^^^^^^^^^^^^^^^^^^^^^^^^^
  File "D:\Stable Diffusion\StabilityMatrix-win-x64\Data\Packages\ComfyUI\custom_nodes\ComfyUI-Manager\glob\manager_util.py", line 192, in get_data
    async with session.get(uri, headers=headers) as resp:
  File "d:\Stable Diffusion\StabilityMatrix-win-x64\Data\Packages\ComfyUI\venv\Lib\site-packages\aiohttp\client.py", line 1510, in __aenter__
    self._resp: _RetType = await self._coro
                           ^^^^^^^^^^^^^^^^
  File "d:\Stable Diffusion\StabilityMatrix-win-x64\Data\Packages\ComfyUI\venv\Lib\site-packages\aiohttp\client.py", line 779, in _request
    resp = await handler(req)
           ^^^^^^^^^^^^^^^^^^
  File "d:\Stable Diffusion\StabilityMatrix-win-x64\Data\Packages\ComfyUI\venv\Lib\site-packages\aiohttp\client.py", line 734, in _connect_and_send_request
    conn = await self._connector.connect(
           ^^^^^^^^^^^^^^^^^^^^^^^^^^^^^^
  File "d:\Stable Diffusion\StabilityMatrix-win-x64\Data\Packages\ComfyUI\venv\Lib\site-packages\aiohttp\connector.py", line 672, in connect
    proto = await self._create_connection(req, traces, timeout)
            ^^^^^^^^^^^^^^^^^^^^^^^^^^^^^^^^^^^^^^^^^^^^^^^^^^^
  File "d:\Stable Diffusion\StabilityMatrix-win-x64\Data\Packages\ComfyUI\venv\Lib\site-packages\aiohttp\connector.py", line 1239, in _create_connection
    _, proto = await self._create_direct_connection(req, traces, timeout)
               ^^^^^^^^^^^^^^^^^^^^^^^^^^^^^^^^^^^^^^^^^^^^^^^^^^^^^^^^^^
  File "d:\Stable Diffusion\StabilityMatrix-win-x64\Data\Packages\ComfyUI\venv\Lib\site-packages\aiohttp\connector.py", line 1611, in _create_direct_connection
    raise last_exc
  File "d:\Stable Diffusion\StabilityMatrix-win-x64\Data\Packages\ComfyUI\venv\Lib\site-packages\aiohttp\connector.py", line 1580, in _create_direct_connection
    transp, proto = await self._wrap_create_connection(
                    ^^^^^^^^^^^^^^^^^^^^^^^^^^^^^^^^^^^
  File "d:\Stable Diffusion\StabilityMatrix-win-x64\Data\Packages\ComfyUI\venv\Lib\site-packages\aiohttp\connector.py", line 1321, in _wrap_create_connection
    raise client_error(req.connection_key, exc) from exc
aiohttp.client_exceptions.ClientConnectorError: Cannot connect to host raw.githubusercontent.com:443 ssl:default [액세스가 거부되었습니다]
[ComfyUI-Manager] Failed to perform initial fetching 'github-stats.json': Cannot connect to host raw.githubusercontent.com:443 ssl:default [액세스가 거부되었습니다]
Traceback (most recent call last):
  File "d:\Stable Diffusion\StabilityMatrix-win-x64\Data\Packages\ComfyUI\venv\Lib\site-packages\aiohttp\connector.py", line 1298, in _wrap_create_connection
    sock = await aiohappyeyeballs.start_connection(
           ^^^^^^^^^^^^^^^^^^^^^^^^^^^^^^^^^^^^^^^^
  File "d:\Stable Diffusion\StabilityMatrix-win-x64\Data\Packages\ComfyUI\venv\Lib\site-packages\aiohappyeyeballs\impl.py", line 122, in start_connection
    raise first_exception
  File "d:\Stable Diffusion\StabilityMatrix-win-x64\Data\Packages\ComfyUI\venv\Lib\site-packages\aiohappyeyeballs\impl.py", line 73, in start_connection
    sock = await _connect_sock(
           ^^^^^^^^^^^^^^^^^^^^
  File "d:\Stable Diffusion\StabilityMatrix-win-x64\Data\Packages\ComfyUI\venv\Lib\site-packages\aiohappyeyeballs\impl.py", line 208, in _connect_sock
    await loop.sock_connect(sock, address)
  File "D:\Stable Diffusion\StabilityMatrix-win-x64\Data\Assets\Python\cpython-3.11.10-windows-x86_64-none\Lib\asyncio\proactor_events.py", line 726, in sock_connect
    return await self._proactor.connect(sock, address)
           ^^^^^^^^^^^^^^^^^^^^^^^^^^^^^^^^^^^^^^^^^^^
  File "D:\Stable Diffusion\StabilityMatrix-win-x64\Data\Assets\Python\cpython-3.11.10-windows-x86_64-none\Lib\asyncio\windows_events.py", line 854, in _poll
    value = callback(transferred, key, ov)
            ^^^^^^^^^^^^^^^^^^^^^^^^^^^^^^
  File "D:\Stable Diffusion\StabilityMatrix-win-x64\Data\Assets\Python\cpython-3.11.10-windows-x86_64-none\Lib\asyncio\windows_events.py", line 641, in finish_connect
    ov.getresult()
PermissionError: [WinError 5] 액세스가 거부되었습니다

The above exception was the direct cause of the following exception:

Traceback (most recent call last):
  File "D:\Stable Diffusion\StabilityMatrix-win-x64\Data\Packages\ComfyUI\custom_nodes\ComfyUI-Manager\glob\manager_server.py", line 1834, in get_cache
    json_obj = await manager_util.get_data(uri, True)
               ^^^^^^^^^^^^^^^^^^^^^^^^^^^^^^^^^^^^^^
  File "D:\Stable Diffusion\StabilityMatrix-win-x64\Data\Packages\ComfyUI\custom_nodes\ComfyUI-Manager\glob\manager_util.py", line 192, in get_data
    async with session.get(uri, headers=headers) as resp:
  File "d:\Stable Diffusion\StabilityMatrix-win-x64\Data\Packages\ComfyUI\venv\Lib\site-packages\aiohttp\client.py", line 1510, in __aenter__
    self._resp: _RetType = await self._coro
                           ^^^^^^^^^^^^^^^^
  File "d:\Stable Diffusion\StabilityMatrix-win-x64\Data\Packages\ComfyUI\venv\Lib\site-packages\aiohttp\client.py", line 779, in _request
    resp = await handler(req)
           ^^^^^^^^^^^^^^^^^^
  File "d:\Stable Diffusion\StabilityMatrix-win-x64\Data\Packages\ComfyUI\venv\Lib\site-packages\aiohttp\client.py", line 734, in _connect_and_send_request
    conn = await self._connector.connect(
           ^^^^^^^^^^^^^^^^^^^^^^^^^^^^^^
  File "d:\Stable Diffusion\StabilityMatrix-win-x64\Data\Packages\ComfyUI\venv\Lib\site-packages\aiohttp\connector.py", line 672, in connect
    proto = await self._create_connection(req, traces, timeout)
            ^^^^^^^^^^^^^^^^^^^^^^^^^^^^^^^^^^^^^^^^^^^^^^^^^^^
  File "d:\Stable Diffusion\StabilityMatrix-win-x64\Data\Packages\ComfyUI\venv\Lib\site-packages\aiohttp\connector.py", line 1239, in _create_connection
    _, proto = await self._create_direct_connection(req, traces, timeout)
               ^^^^^^^^^^^^^^^^^^^^^^^^^^^^^^^^^^^^^^^^^^^^^^^^^^^^^^^^^^
  File "d:\Stable Diffusion\StabilityMatrix-win-x64\Data\Packages\ComfyUI\venv\Lib\site-packages\aiohttp\connector.py", line 1611, in _create_direct_connection
    raise last_exc
  File "d:\Stable Diffusion\StabilityMatrix-win-x64\Data\Packages\ComfyUI\venv\Lib\site-packages\aiohttp\connector.py", line 1580, in _create_direct_connection
    transp, proto = await self._wrap_create_connection(
                    ^^^^^^^^^^^^^^^^^^^^^^^^^^^^^^^^^^^
  File "d:\Stable Diffusion\StabilityMatrix-win-x64\Data\Packages\ComfyUI\venv\Lib\site-packages\aiohttp\connector.py", line 1321, in _wrap_create_connection
    raise client_error(req.connection_key, exc) from exc
aiohttp.client_exceptions.ClientConnectorError: Cannot connect to host raw.githubusercontent.com:443 ssl:default [액세스가 거부되었습니다]
[ComfyUI-Manager] Failed to perform initial fetching 'extension-node-map.json': Cannot connect to host raw.githubusercontent.com:443 ssl:default [액세스가 거부되었습니다]
Traceback (most recent call last):
  File "d:\Stable Diffusion\StabilityMatrix-win-x64\Data\Packages\ComfyUI\venv\Lib\site-packages\aiohttp\connector.py", line 1298, in _wrap_create_connection
    sock = await aiohappyeyeballs.start_connection(
           ^^^^^^^^^^^^^^^^^^^^^^^^^^^^^^^^^^^^^^^^
  File "d:\Stable Diffusion\StabilityMatrix-win-x64\Data\Packages\ComfyUI\venv\Lib\site-packages\aiohappyeyeballs\impl.py", line 122, in start_connection
    raise first_exception
  File "d:\Stable Diffusion\StabilityMatrix-win-x64\Data\Packages\ComfyUI\venv\Lib\site-packages\aiohappyeyeballs\impl.py", line 73, in start_connection
    sock = await _connect_sock(
           ^^^^^^^^^^^^^^^^^^^^
  File "d:\Stable Diffusion\StabilityMatrix-win-x64\Data\Packages\ComfyUI\venv\Lib\site-packages\aiohappyeyeballs\impl.py", line 208, in _connect_sock
    await loop.sock_connect(sock, address)
  File "D:\Stable Diffusion\StabilityMatrix-win-x64\Data\Assets\Python\cpython-3.11.10-windows-x86_64-none\Lib\asyncio\proactor_events.py", line 726, in sock_connect
    return await self._proactor.connect(sock, address)
           ^^^^^^^^^^^^^^^^^^^^^^^^^^^^^^^^^^^^^^^^^^^
  File "D:\Stable Diffusion\StabilityMatrix-win-x64\Data\Assets\Python\cpython-3.11.10-windows-x86_64-none\Lib\asyncio\windows_events.py", line 854, in _poll
    value = callback(transferred, key, ov)
            ^^^^^^^^^^^^^^^^^^^^^^^^^^^^^^
  File "D:\Stable Diffusion\StabilityMatrix-win-x64\Data\Assets\Python\cpython-3.11.10-windows-x86_64-none\Lib\asyncio\windows_events.py", line 641, in finish_connect
    ov.getresult()
PermissionError: [WinError 5] 액세스가 거부되었습니다

The above exception was the direct cause of the following exception:

Traceback (most recent call last):
  File "D:\Stable Diffusion\StabilityMatrix-win-x64\Data\Packages\ComfyUI\custom_nodes\ComfyUI-Manager\glob\manager_server.py", line 1834, in get_cache
    json_obj = await manager_util.get_data(uri, True)
               ^^^^^^^^^^^^^^^^^^^^^^^^^^^^^^^^^^^^^^
  File "D:\Stable Diffusion\StabilityMatrix-win-x64\Data\Packages\ComfyUI\custom_nodes\ComfyUI-Manager\glob\manager_util.py", line 192, in get_data
    async with session.get(uri, headers=headers) as resp:
  File "d:\Stable Diffusion\StabilityMatrix-win-x64\Data\Packages\ComfyUI\venv\Lib\site-packages\aiohttp\client.py", line 1510, in __aenter__
    self._resp: _RetType = await self._coro
                           ^^^^^^^^^^^^^^^^
  File "d:\Stable Diffusion\StabilityMatrix-win-x64\Data\Packages\ComfyUI\venv\Lib\site-packages\aiohttp\client.py", line 779, in _request
    resp = await handler(req)
           ^^^^^^^^^^^^^^^^^^
  File "d:\Stable Diffusion\StabilityMatrix-win-x64\Data\Packages\ComfyUI\venv\Lib\site-packages\aiohttp\client.py", line 734, in _connect_and_send_request
    conn = await self._connector.connect(
           ^^^^^^^^^^^^^^^^^^^^^^^^^^^^^^
  File "d:\Stable Diffusion\StabilityMatrix-win-x64\Data\Packages\ComfyUI\venv\Lib\site-packages\aiohttp\connector.py", line 672, in connect
    proto = await self._create_connection(req, traces, timeout)
            ^^^^^^^^^^^^^^^^^^^^^^^^^^^^^^^^^^^^^^^^^^^^^^^^^^^
  File "d:\Stable Diffusion\StabilityMatrix-win-x64\Data\Packages\ComfyUI\venv\Lib\site-packages\aiohttp\connector.py", line 1239, in _create_connection
    _, proto = await self._create_direct_connection(req, traces, timeout)
               ^^^^^^^^^^^^^^^^^^^^^^^^^^^^^^^^^^^^^^^^^^^^^^^^^^^^^^^^^^
  File "d:\Stable Diffusion\StabilityMatrix-win-x64\Data\Packages\ComfyUI\venv\Lib\site-packages\aiohttp\connector.py", line 1611, in _create_direct_connection
    raise last_exc
  File "d:\Stable Diffusion\StabilityMatrix-win-x64\Data\Packages\ComfyUI\venv\Lib\site-packages\aiohttp\connector.py", line 1580, in _create_direct_connection
    transp, proto = await self._wrap_create_connection(
                    ^^^^^^^^^^^^^^^^^^^^^^^^^^^^^^^^^^^
  File "d:\Stable Diffusion\StabilityMatrix-win-x64\Data\Packages\ComfyUI\venv\Lib\site-packages\aiohttp\connector.py", line 1321, in _wrap_create_connection
    raise client_error(req.connection_key, exc) from exc
aiohttp.client_exceptions.ClientConnectorError: Cannot connect to host raw.githubusercontent.com:443 ssl:default [액세스가 거부되었습니다]
[ComfyUI-Manager] Failed to perform initial fetching 'custom-node-list.json': Cannot connect to host raw.githubusercontent.com:443 ssl:default [액세스가 거부되었습니다]
Traceback (most recent call last):
  File "d:\Stable Diffusion\StabilityMatrix-win-x64\Data\Packages\ComfyUI\venv\Lib\site-packages\aiohttp\connector.py", line 1298, in _wrap_create_connection
    sock = await aiohappyeyeballs.start_connection(
           ^^^^^^^^^^^^^^^^^^^^^^^^^^^^^^^^^^^^^^^^
  File "d:\Stable Diffusion\StabilityMatrix-win-x64\Data\Packages\ComfyUI\venv\Lib\site-packages\aiohappyeyeballs\impl.py", line 122, in start_connection
    raise first_exception
  File "d:\Stable Diffusion\StabilityMatrix-win-x64\Data\Packages\ComfyUI\venv\Lib\site-packages\aiohappyeyeballs\impl.py", line 73, in start_connection
    sock = await _connect_sock(
           ^^^^^^^^^^^^^^^^^^^^
  File "d:\Stable Diffusion\StabilityMatrix-win-x64\Data\Packages\ComfyUI\venv\Lib\site-packages\aiohappyeyeballs\impl.py", line 208, in _connect_sock
    await loop.sock_connect(sock, address)
  File "D:\Stable Diffusion\StabilityMatrix-win-x64\Data\Assets\Python\cpython-3.11.10-windows-x86_64-none\Lib\asyncio\proactor_events.py", line 726, in sock_connect
    return await self._proactor.connect(sock, address)
           ^^^^^^^^^^^^^^^^^^^^^^^^^^^^^^^^^^^^^^^^^^^
  File "D:\Stable Diffusion\StabilityMatrix-win-x64\Data\Assets\Python\cpython-3.11.10-windows-x86_64-none\Lib\asyncio\windows_events.py", line 854, in _poll
    value = callback(transferred, key, ov)
            ^^^^^^^^^^^^^^^^^^^^^^^^^^^^^^
  File "D:\Stable Diffusion\StabilityMatrix-win-x64\Data\Assets\Python\cpython-3.11.10-windows-x86_64-none\Lib\asyncio\windows_events.py", line 641, in finish_connect
    ov.getresult()
PermissionError: [WinError 5] 액세스가 거부되었습니다

The above exception was the direct cause of the following exception:

Traceback (most recent call last):
  File "D:\Stable Diffusion\StabilityMatrix-win-x64\Data\Packages\ComfyUI\custom_nodes\ComfyUI-Manager\glob\manager_server.py", line 1834, in get_cache
    json_obj = await manager_util.get_data(uri, True)
               ^^^^^^^^^^^^^^^^^^^^^^^^^^^^^^^^^^^^^^
  File "D:\Stable Diffusion\StabilityMatrix-win-x64\Data\Packages\ComfyUI\custom_nodes\ComfyUI-Manager\glob\manager_util.py", line 192, in get_data
    async with session.get(uri, headers=headers) as resp:
  File "d:\Stable Diffusion\StabilityMatrix-win-x64\Data\Packages\ComfyUI\venv\Lib\site-packages\aiohttp\client.py", line 1510, in __aenter__
    self._resp: _RetType = await self._coro
                           ^^^^^^^^^^^^^^^^
  File "d:\Stable Diffusion\StabilityMatrix-win-x64\Data\Packages\ComfyUI\venv\Lib\site-packages\aiohttp\client.py", line 779, in _request
    resp = await handler(req)
           ^^^^^^^^^^^^^^^^^^
  File "d:\Stable Diffusion\StabilityMatrix-win-x64\Data\Packages\ComfyUI\venv\Lib\site-packages\aiohttp\client.py", line 734, in _connect_and_send_request
    conn = await self._connector.connect(
           ^^^^^^^^^^^^^^^^^^^^^^^^^^^^^^
  File "d:\Stable Diffusion\StabilityMatrix-win-x64\Data\Packages\ComfyUI\venv\Lib\site-packages\aiohttp\connector.py", line 672, in connect
    proto = await self._create_connection(req, traces, timeout)
            ^^^^^^^^^^^^^^^^^^^^^^^^^^^^^^^^^^^^^^^^^^^^^^^^^^^
  File "d:\Stable Diffusion\StabilityMatrix-win-x64\Data\Packages\ComfyUI\venv\Lib\site-packages\aiohttp\connector.py", line 1239, in _create_connection
    _, proto = await self._create_direct_connection(req, traces, timeout)
               ^^^^^^^^^^^^^^^^^^^^^^^^^^^^^^^^^^^^^^^^^^^^^^^^^^^^^^^^^^
  File "d:\Stable Diffusion\StabilityMatrix-win-x64\Data\Packages\ComfyUI\venv\Lib\site-packages\aiohttp\connector.py", line 1611, in _create_direct_connection
    raise last_exc
  File "d:\Stable Diffusion\StabilityMatrix-win-x64\Data\Packages\ComfyUI\venv\Lib\site-packages\aiohttp\connector.py", line 1580, in _create_direct_connection
    transp, proto = await self._wrap_create_connection(
                    ^^^^^^^^^^^^^^^^^^^^^^^^^^^^^^^^^^^
  File "d:\Stable Diffusion\StabilityMatrix-win-x64\Data\Packages\ComfyUI\venv\Lib\site-packages\aiohttp\connector.py", line 1321, in _wrap_create_connection
    raise client_error(req.connection_key, exc) from exc
aiohttp.client_exceptions.ClientConnectorError: Cannot connect to host raw.githubusercontent.com:443 ssl:default [액세스가 거부되었습니다]
Cannot connect to comfyregistry.
FETCH DATA from: https://raw.githubusercontent.com/ltdrdata/ComfyUI-Manager/main/custom-node-list.json[ComfyUI-Manager] Due to a network error, switching to local mode.
=> custom-node-list.json
=> Cannot connect to host raw.githubusercontent.com:443 ssl:default [액세스가 
거부되었습니다]
FETCH DATA from: D:\Stable Diffusion\StabilityMatrix-win-x64\Data\Packages\ComfyUI\custom_nodes\ComfyUI-Manager\custom-node-list.json [DONE]
[ComfyUI-Manager] All startup tasks have been completed.
[MultiGPU Core Patching] Patching mm.soft_empty_cache for Comprehensive Memory Management (VRAM + CPU + Store Pruning)
[MultiGPU Core Patching] Patching mm.get_torch_device, mm.text_encoder_device, mm.unet_offload_device
[MultiGPU DEBUG] Initial current_device: cuda:0
[MultiGPU DEBUG] Initial current_text_encoder_device: cuda:0
[MultiGPU DEBUG] Initial current_unet_offload_device: cpu
[MultiGPU] Initiating custom_node Registration. . .
-----------------------------------------------
custom_node                   Found     Nodes
-----------------------------------------------
ComfyUI-LTXVideo                  N         0
ComfyUI-Florence2                 Y         2
ComfyUI_bitsandbytes_NF4          N         0
x-flux-comfyui                    N         0
ComfyUI-MMAudio                   Y         3
ComfyUI-GGUF                      Y        18
PuLID_ComfyUI                     N         0
ComfyUI-WanVideoWrapper           Y        20
-----------------------------------------------
[MultiGPU] Registration complete. Final mappings: CheckpointLoaderAdvancedMultiGPU, CheckpointLoaderAdvancedDisTorch2MultiGPU, UNetLoaderLP, UNETLoaderMultiGPU, VAELoaderMultiGPU, CLIPLoaderMultiGPU, DualCLIPLoaderMultiGPU, TripleCLIPLoaderMultiGPU, QuadrupleCLIPLoaderMultiGPU, CLIPVisionLoaderMultiGPU, CheckpointLoaderSimpleMultiGPU, ControlNetLoaderMultiGPU, DiffusersLoaderMultiGPU, DiffControlNetLoaderMultiGPU, UNETLoaderDisTorch2MultiGPU, VAELoaderDisTorch2MultiGPU, CLIPLoaderDisTorch2MultiGPU, DualCLIPLoaderDisTorch2MultiGPU, TripleCLIPLoaderDisTorch2MultiGPU, QuadrupleCLIPLoaderDisTorch2MultiGPU, CLIPVisionLoaderDisTorch2MultiGPU, CheckpointLoaderSimpleDisTorch2MultiGPU, ControlNetLoaderDisTorch2MultiGPU, DiffusersLoaderDisTorch2MultiGPU, DiffControlNetLoaderDisTorch2MultiGPU, Florence2ModelLoaderMultiGPU, DownloadAndLoadFlorence2ModelMultiGPU, MMAudioModelLoaderMultiGPU, MMAudioFeatureUtilsLoaderMultiGPU, MMAudioSamplerMultiGPU, UnetLoaderGGUFDisTorchMultiGPU, UnetLoaderGGUFAdvancedDisTorchMultiGPU, CLIPLoaderGGUFDisTorchMultiGPU, DualCLIPLoaderGGUFDisTorchMultiGPU, TripleCLIPLoaderGGUFDisTorchMultiGPU, QuadrupleCLIPLoaderGGUFDisTorchMultiGPU, UnetLoaderGGUFDisTorch2MultiGPU, UnetLoaderGGUFAdvancedDisTorch2MultiGPU, CLIPLoaderGGUFDisTorch2MultiGPU, DualCLIPLoaderGGUFDisTorch2MultiGPU, TripleCLIPLoaderGGUFDisTorch2MultiGPU, QuadrupleCLIPLoaderGGUFDisTorch2MultiGPU, UnetLoaderGGUFMultiGPU, UnetLoaderGGUFAdvancedMultiGPU, CLIPLoaderGGUFMultiGPU, DualCLIPLoaderGGUFMultiGPU, TripleCLIPLoaderGGUFMultiGPU, QuadrupleCLIPLoaderGGUFMultiGPU, LoadWanVideoT5TextEncoderMultiGPU, WanVideoTextEncodeMultiGPU, WanVideoTextEncodeCachedMultiGPU, WanVideoTextEncodeSingleMultiGPU, WanVideoVAELoaderMultiGPU, WanVideoTinyVAELoaderMultiGPU, WanVideoBlockSwapMultiGPU, WanVideoImageToVideoEncodeMultiGPU, WanVideoDecodeMultiGPU, WanVideoModelLoaderMultiGPU, WanVideoSamplerMultiGPU, WanVideoVACEEncodeMultiGPU, WanVideoEncodeMultiGPU, LoadWanVideoClipTextEncoderMultiGPU, WanVideoClipVisionEncodeMultiGPU, WanVideoControlnetLoaderMultiGPU, FantasyTalkingModelLoaderMultiGPU, Wav2VecModelLoaderMultiGPU, WanVideoUni3C_ControlnetLoaderMultiGPU, DownloadAndLoadWav2VecModelMultiGPU
Error loading module AILab_QwenVL_GGUF_PromptEnhancer: No module named 'llama_cpp'
